<?xml version="1.0" encoding="UTF-8"?>
<!-- Generated by org.testng.reporters.JUnitXMLReporter -->
<testsuite hostname="DESKTOP-RVDN2F9" name="Default test" tests="2" failures="2" timestamp="29 Apr 2017 10:26:24 GMT" time="1.938" errors="0">
  <testcase name="testGoogleParamerter" time="0.251" classname="com.paypal.Testngtest">
    <failure type="java.lang.IllegalStateException" message="You must have a Selenium host configured when running remotely. You may provide it either via the JVM argument -DSELION_SELENIUM_HOST (or) via the TestNG suite file parameter : &amp;lt;parameter name=&amp;quot;seleniumhost&amp;quot; value=&amp;quot;&amp;quot; /&amp;gt;">
      <![CDATA[java.lang.IllegalStateException: You must have a Selenium host configured when running remotely. You may provide it either via the JVM argument -DSELION_SELENIUM_HOST (or) via the TestNG suite file parameter : <parameter name="seleniumhost" value="" />
	at com.paypal.selion.internal.platform.grid.browsercapabilities.DriverFactoryHelper.getURL(DriverFactoryHelper.java:166)
	at com.paypal.selion.internal.platform.grid.browsercapabilities.WebDriverFactory.createInstance(WebDriverFactory.java:93)
	at com.paypal.selion.internal.platform.grid.WebTestSession.createSession(WebTestSession.java:147)
	at com.paypal.selion.internal.platform.grid.WebTestSession.startSession(WebTestSession.java:163)
	at com.paypal.selion.platform.grid.Grid.driver(Grid.java:107)
	at com.paypal.Testngtest.testGoogleParamerter(Testngtest.java:42)
	at sun.reflect.NativeMethodAccessorImpl.invoke0(Native Method)
	at sun.reflect.NativeMethodAccessorImpl.invoke(Unknown Source)
	at sun.reflect.DelegatingMethodAccessorImpl.invoke(Unknown Source)
	at java.lang.reflect.Method.invoke(Unknown Source)
	at org.testng.internal.MethodInvocationHelper.invokeMethod(MethodInvocationHelper.java:86)
	at org.testng.internal.Invoker.invokeMethod(Invoker.java:643)
	at org.testng.internal.Invoker.invokeTestMethod(Invoker.java:820)
	at org.testng.internal.Invoker.invokeTestMethods(Invoker.java:1128)
	at org.testng.internal.TestMethodWorker.invokeTestMethods(TestMethodWorker.java:129)
	at org.testng.internal.TestMethodWorker.run(TestMethodWorker.java:112)
	at org.testng.TestRunner.privateRun(TestRunner.java:782)
	at org.testng.TestRunner.run(TestRunner.java:632)
	at org.testng.SuiteRunner.runTest(SuiteRunner.java:366)
	at org.testng.SuiteRunner.runSequentially(SuiteRunner.java:361)
	at org.testng.SuiteRunner.privateRun(SuiteRunner.java:319)
	at org.testng.SuiteRunner.run(SuiteRunner.java:268)
	at org.testng.SuiteRunnerWorker.runSuite(SuiteRunnerWorker.java:52)
	at org.testng.SuiteRunnerWorker.run(SuiteRunnerWorker.java:86)
	at org.testng.TestNG.runSuitesSequentially(TestNG.java:1244)
	at org.testng.TestNG.runSuitesLocally(TestNG.java:1169)
	at org.testng.TestNG.run(TestNG.java:1064)
	at org.testng.remote.AbstractRemoteTestNG.run(AbstractRemoteTestNG.java:132)
	at org.testng.remote.RemoteTestNG.initAndRun(RemoteTestNG.java:230)
	at org.testng.remote.RemoteTestNG.main(RemoteTestNG.java:76)
]]>
    </failure>
  </testcase> <!-- testGoogleParamerter -->
  <testcase name="testGoogleParamerter" time="0.072" classname="com.paypal.Testngtest">
    <failure type="java.lang.IllegalStateException" message="You must have a Selenium host configured when running remotely. You may provide it either via the JVM argument -DSELION_SELENIUM_HOST (or) via the TestNG suite file parameter : &amp;lt;parameter name=&amp;quot;seleniumhost&amp;quot; value=&amp;quot;&amp;quot; /&amp;gt;">
      <![CDATA[java.lang.IllegalStateException: You must have a Selenium host configured when running remotely. You may provide it either via the JVM argument -DSELION_SELENIUM_HOST (or) via the TestNG suite file parameter : <parameter name="seleniumhost" value="" />
	at com.paypal.selion.internal.platform.grid.browsercapabilities.DriverFactoryHelper.getURL(DriverFactoryHelper.java:166)
	at com.paypal.selion.internal.platform.grid.browsercapabilities.WebDriverFactory.createInstance(WebDriverFactory.java:93)
	at com.paypal.selion.internal.platform.grid.WebTestSession.createSession(WebTestSession.java:147)
	at com.paypal.selion.internal.platform.grid.WebTestSession.startSession(WebTestSession.java:163)
	at com.paypal.selion.platform.grid.Grid.driver(Grid.java:107)
	at com.paypal.Testngtest.testGoogleParamerter(Testngtest.java:42)
	at sun.reflect.NativeMethodAccessorImpl.invoke0(Native Method)
	at sun.reflect.NativeMethodAccessorImpl.invoke(Unknown Source)
	at sun.reflect.DelegatingMethodAccessorImpl.invoke(Unknown Source)
	at java.lang.reflect.Method.invoke(Unknown Source)
	at org.testng.internal.MethodInvocationHelper.invokeMethod(MethodInvocationHelper.java:86)
	at org.testng.internal.Invoker.invokeMethod(Invoker.java:643)
	at org.testng.internal.Invoker.invokeTestMethod(Invoker.java:820)
	at org.testng.internal.Invoker.invokeTestMethods(Invoker.java:1128)
	at org.testng.internal.TestMethodWorker.invokeTestMethods(TestMethodWorker.java:129)
	at org.testng.internal.TestMethodWorker.run(TestMethodWorker.java:112)
	at org.testng.TestRunner.privateRun(TestRunner.java:782)
	at org.testng.TestRunner.run(TestRunner.java:632)
	at org.testng.SuiteRunner.runTest(SuiteRunner.java:366)
	at org.testng.SuiteRunner.runSequentially(SuiteRunner.java:361)
	at org.testng.SuiteRunner.privateRun(SuiteRunner.java:319)
	at org.testng.SuiteRunner.run(SuiteRunner.java:268)
	at org.testng.SuiteRunnerWorker.runSuite(SuiteRunnerWorker.java:52)
	at org.testng.SuiteRunnerWorker.run(SuiteRunnerWorker.java:86)
	at org.testng.TestNG.runSuitesSequentially(TestNG.java:1244)
	at org.testng.TestNG.runSuitesLocally(TestNG.java:1169)
	at org.testng.TestNG.run(TestNG.java:1064)
	at org.testng.remote.AbstractRemoteTestNG.run(AbstractRemoteTestNG.java:132)
	at org.testng.remote.RemoteTestNG.initAndRun(RemoteTestNG.java:230)
	at org.testng.remote.RemoteTestNG.main(RemoteTestNG.java:76)
]]>
    </failure>
  </testcase> <!-- testGoogleParamerter -->
</testsuite> <!-- Default test -->
